<?xml version="1.0" encoding="UTF-8"?>
<testng-results ignored="0" total="1" passed="1" failed="0" skipped="0">
  <reporter-output>
  </reporter-output>
  <suite started-at="2022-12-30T16:15:24 BDT" name="Suite" finished-at="2022-12-30T16:15:46 BDT" duration-ms="21394">
    <groups>
    </groups>
    <test started-at="2022-12-30T16:15:24 BDT" name="Test" finished-at="2022-12-30T16:15:46 BDT" duration-ms="21394">
      <class name="test.LoginTest">
        <test-method is-config="true" signature="setbrowesr()[pri:0, instance:test.LoginTest@76494737]" started-at="2022-12-30T16:15:24 BDT" name="setbrowesr" finished-at="2022-12-30T16:15:28 BDT" duration-ms="3691" status="PASS">
          <reporter-output>
          </reporter-output>
        </test-method> <!-- setbrowesr -->
        <test-method signature="logintest()[pri:0, instance:test.LoginTest@76494737]" started-at="2022-12-30T16:15:28 BDT" name="logintest" finished-at="2022-12-30T16:15:45 BDT" duration-ms="17287" status="PASS">
          <reporter-output>
          </reporter-output>
        </test-method> <!-- logintest -->
        <test-method is-config="true" signature="quitDriver()[pri:0, instance:test.LoginTest@76494737]" started-at="2022-12-30T16:15:45 BDT" name="quitDriver" finished-at="2022-12-30T16:15:46 BDT" duration-ms="247" status="PASS">
          <reporter-output>
          </reporter-output>
        </test-method> <!-- quitDriver -->
      </class> <!-- test.LoginTest -->
    </test> <!-- Test -->
  </suite> <!-- Suite -->
</testng-results>
